<?xml version="1.0" encoding="UTF-8"?>
<!-- Generated by org.testng.reporters.JUnitXMLReporter -->
<testsuite ignored="1" hostname="DESKTOP-GVB5AQ3" failures="0" tests="1" name="Test" time="65.164" errors="0" timestamp="2023-09-20T10:03:06 IST">
  <testcase classname="vtiger.ContactsTest.CreateContactWithOrganizationTest" name="createContactWithOrgTest" time="11.805"/>
  <testcase classname="vtiger.ContactsTest.CreateContactWithOrganizationTest" name="demo" time="0.0">
    <ignored/>
  </testcase> <!-- demo -->
</testsuite> <!-- Test -->
