<?xml version="1.0" encoding="UTF-8"?>
<!-- Generated by org.testng.reporters.JUnitXMLReporter -->
<testsuite ignored="1" hostname="DESKTOP-GVB5AQ3" failures="0" tests="1" name="Test" time="13.101" errors="0" timestamp="2023-09-25T13:06:30 IST">
  <testcase classname="vtiger.ContactsTest.CreateContactWithOrganizationTest" name="demo" time="0.011"/>
  <testcase classname="vtiger.ContactsTest.CreateContactWithOrganizationTest" name="createContactWithOrgTest" time="0.0">
    <ignored/>
  </testcase> <!-- createContactWithOrgTest -->
</testsuite> <!-- Test -->
