<?xml version="1.0" encoding="UTF-8"?>
<!-- Generated by org.testng.reporters.JUnitXMLReporter -->
<testsuite ignored="0" hostname="DESKTOP-GVB5AQ3" failures="0" tests="2" name="TestRunner1" time="77.443" errors="0" timestamp="2023-08-31T14:56:30 IST">
  <testcase classname="vtiger.ContactsTest.CreateContactWithOrganizationTest" name="createContactWithOrgTest" time="15.416"/>
  <testcase classname="vtiger.ContactsTest.CreateContactWithOrganizationTest" name="demo" time="0.001"/>
</testsuite> <!-- TestRunner1 -->
