<?xml version="1.0" encoding="UTF-8"?>
<!-- Generated by org.testng.reporters.JUnitXMLReporter -->
<testsuite ignored="0" hostname="DESKTOP-GVB5AQ3" failures="0" tests="2" name="TestRunner2" time="77.838" errors="0" timestamp="2023-08-31T14:56:31 IST">
  <testcase classname="vtiger.ContactsTest.CreateContactWithOrganizationTest" name="createContactWithOrgTest" time="15.448"/>
  <testcase classname="vtiger.ContactsTest.CreateContactWithOrganizationTest" name="demo" time="0.002"/>
</testsuite> <!-- TestRunner2 -->
