<?xml version="1.0" encoding="UTF-8"?>
<testng-results ignored="0" total="1" passed="1" failed="0" skipped="0">
  <reporter-output>
  </reporter-output>
  <suite started-at="2023-09-25T14:08:39 IST" name="Default suite" finished-at="2023-09-25T14:09:13 IST" duration-ms="34256">
    <groups>
    </groups>
    <test started-at="2023-09-25T14:08:39 IST" name="Default test" finished-at="2023-09-25T14:09:13 IST" duration-ms="34256">
      <class name="vtiger.ProductsTest.CreateProductWithCampaignTest">
        <test-method is-config="true" signature="bsConfig()[pri:0, instance:vtiger.ProductsTest.CreateProductWithCampaignTest@5c5eefef]" started-at="2023-09-25T14:08:39 IST" name="bsConfig" finished-at="2023-09-25T14:08:39 IST" duration-ms="8" status="PASS">
          <reporter-output>
          </reporter-output>
        </test-method> <!-- bsConfig -->
        <test-method is-config="true" signature="launchingBrowser()[pri:0, instance:vtiger.ProductsTest.CreateProductWithCampaignTest@5c5eefef]" started-at="2023-09-25T14:08:39 IST" name="launchingBrowser" finished-at="2023-09-25T14:08:43 IST" duration-ms="3970" status="PASS">
          <reporter-output>
          </reporter-output>
        </test-method> <!-- launchingBrowser -->
        <test-method is-config="true" signature="beforeMethod()[pri:0, instance:vtiger.ProductsTest.CreateProductWithCampaignTest@5c5eefef]" started-at="2023-09-25T14:08:43 IST" name="beforeMethod" finished-at="2023-09-25T14:08:46 IST" duration-ms="3478" status="PASS">
          <reporter-output>
          </reporter-output>
        </test-method> <!-- beforeMethod -->
        <test-method signature="createProductWithCampaignTest()[pri:0, instance:vtiger.ProductsTest.CreateProductWithCampaignTest@5c5eefef]" started-at="2023-09-25T14:08:46 IST" name="createProductWithCampaignTest" finished-at="2023-09-25T14:09:07 IST" duration-ms="20669" status="PASS">
          <reporter-output>
          </reporter-output>
        </test-method> <!-- createProductWithCampaignTest -->
        <test-method is-config="true" signature="logOutVtiger()[pri:0, instance:vtiger.ProductsTest.CreateProductWithCampaignTest@5c5eefef]" started-at="2023-09-25T14:09:07 IST" name="logOutVtiger" finished-at="2023-09-25T14:09:13 IST" duration-ms="5859" status="PASS">
          <reporter-output>
          </reporter-output>
        </test-method> <!-- logOutVtiger -->
        <test-method is-config="true" signature="closeBrowser()[pri:0, instance:vtiger.ProductsTest.CreateProductWithCampaignTest@5c5eefef]" started-at="2023-09-25T14:09:13 IST" name="closeBrowser" finished-at="2023-09-25T14:09:13 IST" duration-ms="239" status="PASS">
          <reporter-output>
          </reporter-output>
        </test-method> <!-- closeBrowser -->
        <test-method is-config="true" signature="asConfig()[pri:0, instance:vtiger.ProductsTest.CreateProductWithCampaignTest@5c5eefef]" started-at="2023-09-25T14:09:13 IST" name="asConfig" finished-at="2023-09-25T14:09:13 IST" duration-ms="0" status="PASS">
          <reporter-output>
          </reporter-output>
        </test-method> <!-- asConfig -->
      </class> <!-- vtiger.ProductsTest.CreateProductWithCampaignTest -->
    </test> <!-- Default test -->
  </suite> <!-- Default suite -->
</testng-results>
