<?xml version="1.0" encoding="UTF-8"?>
<testng-results ignored="0" total="1" passed="1" failed="0" skipped="0">
  <reporter-output>
  </reporter-output>
  <suite started-at="2023-09-20T11:49:35 IST" name="Default suite" finished-at="2023-09-20T11:49:51 IST" duration-ms="15658">
    <groups>
      <group name="SmokeSuite">
        <method signature="CreateOrgWithIndustryAndVendorTypeTest.createOrgWithIndustryAndVendorTypeTest()[pri:0, instance:vtiger.OrganizationTest.CreateOrgWithIndustryAndVendorTypeTest@595b007d]" name="createOrgWithIndustryAndVendorTypeTest" class="vtiger.OrganizationTest.CreateOrgWithIndustryAndVendorTypeTest"/>
      </group> <!-- SmokeSuite -->
    </groups>
    <test started-at="2023-09-20T11:49:35 IST" name="Default test" finished-at="2023-09-20T11:49:51 IST" duration-ms="15658">
      <class name="vtiger.OrganizationTest.CreateOrgWithIndustryAndVendorTypeTest">
        <test-method is-config="true" signature="bsConfig()[pri:0, instance:vtiger.OrganizationTest.CreateOrgWithIndustryAndVendorTypeTest@595b007d]" started-at="2023-09-20T11:49:35 IST" name="bsConfig" finished-at="2023-09-20T11:49:35 IST" duration-ms="5" status="PASS">
          <reporter-output>
          </reporter-output>
        </test-method> <!-- bsConfig -->
        <test-method is-config="true" signature="launchingBrowser()[pri:0, instance:vtiger.OrganizationTest.CreateOrgWithIndustryAndVendorTypeTest@595b007d]" started-at="2023-09-20T11:49:36 IST" name="launchingBrowser" finished-at="2023-09-20T11:49:38 IST" duration-ms="2664" status="PASS">
          <reporter-output>
          </reporter-output>
        </test-method> <!-- launchingBrowser -->
        <test-method is-config="true" signature="beforeMethod()[pri:0, instance:vtiger.OrganizationTest.CreateOrgWithIndustryAndVendorTypeTest@595b007d]" started-at="2023-09-20T11:49:38 IST" name="beforeMethod" finished-at="2023-09-20T11:49:40 IST" duration-ms="1542" status="PASS">
          <reporter-output>
          </reporter-output>
        </test-method> <!-- beforeMethod -->
        <test-method signature="createOrgWithIndustryAndVendorTypeTest()[pri:0, instance:vtiger.OrganizationTest.CreateOrgWithIndustryAndVendorTypeTest@595b007d]" started-at="2023-09-20T11:49:40 IST" name="createOrgWithIndustryAndVendorTypeTest" finished-at="2023-09-20T11:49:46 IST" duration-ms="6108" status="PASS">
          <reporter-output>
          </reporter-output>
        </test-method> <!-- createOrgWithIndustryAndVendorTypeTest -->
        <test-method is-config="true" signature="logOutVtiger()[pri:0, instance:vtiger.OrganizationTest.CreateOrgWithIndustryAndVendorTypeTest@595b007d]" started-at="2023-09-20T11:49:46 IST" name="logOutVtiger" finished-at="2023-09-20T11:49:51 IST" duration-ms="5008" status="PASS">
          <reporter-output>
          </reporter-output>
        </test-method> <!-- logOutVtiger -->
        <test-method is-config="true" signature="closeBrowser()[pri:0, instance:vtiger.OrganizationTest.CreateOrgWithIndustryAndVendorTypeTest@595b007d]" started-at="2023-09-20T11:49:51 IST" name="closeBrowser" finished-at="2023-09-20T11:49:51 IST" duration-ms="122" status="PASS">
          <reporter-output>
          </reporter-output>
        </test-method> <!-- closeBrowser -->
        <test-method is-config="true" signature="asConfig()[pri:0, instance:vtiger.OrganizationTest.CreateOrgWithIndustryAndVendorTypeTest@595b007d]" started-at="2023-09-20T11:49:51 IST" name="asConfig" finished-at="2023-09-20T11:49:51 IST" duration-ms="1" status="PASS">
          <reporter-output>
          </reporter-output>
        </test-method> <!-- asConfig -->
      </class> <!-- vtiger.OrganizationTest.CreateOrgWithIndustryAndVendorTypeTest -->
    </test> <!-- Default test -->
  </suite> <!-- Default suite -->
</testng-results>
